[22:10:25] [Server thread/INFO]: Starting minecraft server version 1.8.9
[22:10:25] [Server thread/INFO]: Loading properties
[22:10:25] [Server thread/INFO]: Default game type: SURVIVAL
[22:10:25] [Server thread/INFO]: Generating keypair
[22:10:25] [Server thread/INFO]: Starting Minecraft server on 209.141.48.30:25565
[22:10:25] [Server thread/INFO]: Using default channel type
[22:10:26] [Server thread/INFO]: Preparing level "world"
[22:10:26] [Server thread/INFO]: Preparing start region for level 0
[22:10:27] [Server thread/INFO]: Preparing spawn area: 41%
[22:10:27] [Server thread/INFO]: Done (1.696s)! For help, type "help" or "?"
[22:10:51] [User Authenticator #1/INFO]: UUID of player 1FartPerSecond is 71ff537d-32c8-451e-9c45-ba51406b139b
[22:10:52] [Server thread/INFO]: 1FartPerSecond[/76.71.30.206:54264] logged in with entity id 225 at (49.5, 73.0, 253.5)
[22:10:52] [Server thread/INFO]: 1FartPerSecond joined the game
[22:11:02] [Server thread/WARN]: Can't keep up! Did the system time change, or is the server overloaded? Running 10022ms behind, skipping 200 tick(s)
[22:11:05] [Server thread/WARN]: 1FartPerSecond moved wrongly!
[22:11:58] [Server thread/INFO]: Opped 1FartPerSecond
[22:12:03] [User Authenticator #2/INFO]: UUID of player Alumiinikiekko is 9de03356-75b5-4f2b-b21d-e69a8a2f2250
[22:12:03] [Server thread/INFO]: Alumiinikiekko[/50.235.110.98:61667] logged in with entity id 3693 at (54.5, 74.0, 251.5)
[22:12:03] [Server thread/INFO]: Alumiinikiekko joined the game
[22:12:15] [Server thread/INFO]: [1FartPerSecond: Teleported 1FartPerSecond to Alumiinikiekko]
[22:12:40] [Server thread/WARN]: Can't keep up! Did the system time change, or is the server overloaded? Running 2522ms behind, skipping 50 tick(s)
[22:13:04] [Server thread/WARN]: Can't keep up! Did the system time change, or is the server overloaded? Running 5330ms behind, skipping 106 tick(s)
[22:13:20] [Server thread/WARN]: Can't keep up! Did the system time change, or is the server overloaded? Running 5774ms behind, skipping 115 tick(s)
[22:13:30] [Server thread/INFO]: There are 2/20 players online:
[22:13:30] [Server thread/INFO]: 1FartPerSecond, Alumiinikiekko
[22:13:39] [Server thread/INFO]: Opped Alumiinikiekko
[22:13:40] [Server thread/WARN]: Can't keep up! Did the system time change, or is the server overloaded? Running 8482ms behind, skipping 169 tick(s)
[22:13:51] [Server thread/INFO]: [1FartPerSecond: Set own game mode to Survival Mode]
[22:13:53] [Server thread/INFO]: [1FartPerSecond: Set own game mode to Creative Mode]
[22:13:57] [Server thread/INFO]: [1FartPerSecond: Set Alumiinikiekko's game mode to Creative Mode]
[22:14:02] [Server thread/INFO]: [1FartPerSecond: Teleported 1FartPerSecond to Alumiinikiekko]
[22:14:05] [Server thread/INFO]: 1FartPerSecond has just earned the achievement [Taking Inventory]
[22:14:08] [Server thread/INFO]: Alumiinikiekko has just earned the achievement [Taking Inventory]
[22:14:42] [Server thread/WARN]: Can't keep up! Did the system time change, or is the server overloaded? Running 8698ms behind, skipping 173 tick(s)
[22:14:56] [Server thread/WARN]: Can't keep up! Did the system time change, or is the server overloaded? Running 2732ms behind, skipping 54 tick(s)
[22:15:19] [Server thread/WARN]: Can't keep up! Did the system time change, or is the server overloaded? Running 7017ms behind, skipping 140 tick(s)
[22:15:32] [Server thread/WARN]: Can't keep up! Did the system time change, or is the server overloaded? Running 2159ms behind, skipping 43 tick(s)
[22:15:38] [Server thread/INFO]: The entity UUID provided is in an invalid format
[22:16:00] [Server thread/INFO]: [1FartPerSecond: Set the time to 1000]
[22:16:10] [Server thread/WARN]: Can't keep up! Did the system time change, or is the server overloaded? Running 7177ms behind, skipping 143 tick(s)
[22:16:13] [Server thread/INFO]: [1FartPerSecond: Teleported 1FartPerSecond to Alumiinikiekko]
[22:16:18] [Server thread/INFO]: [1FartPerSecond: Set own game mode to Spectator Mode]
[22:16:30] [Server thread/INFO]: [Alumiinikiekko: Set own game mode to Spectator Mode]
[22:16:30] [Server thread/INFO]: [1FartPerSecond: Set own game mode to Creative Mode]
[22:16:32] [Server thread/WARN]: Can't keep up! Did the system time change, or is the server overloaded? Running 12190ms behind, skipping 243 tick(s)
[22:16:57] [Server thread/WARN]: Can't keep up! Did the system time change, or is the server overloaded? Running 20758ms behind, skipping 415 tick(s)
[22:17:09] [Server thread/WARN]: Can't keep up! Did the system time change, or is the server overloaded? Running 11982ms behind, skipping 239 tick(s)
[22:17:24] [Server thread/WARN]: Can't keep up! Did the system time change, or is the server overloaded? Running 10288ms behind, skipping 205 tick(s)
[22:17:42] [Server thread/WARN]: Can't keep up! Did the system time change, or is the server overloaded? Running 8592ms behind, skipping 171 tick(s)
[22:17:56] [Server thread/WARN]: Can't keep up! Did the system time change, or is the server overloaded? Running 5613ms behind, skipping 112 tick(s)
[22:18:14] [Server thread/WARN]: Can't keep up! Did the system time change, or is the server overloaded? Running 4920ms behind, skipping 98 tick(s)
[22:18:31] [Server thread/WARN]: Can't keep up! Did the system time change, or is the server overloaded? Running 2284ms behind, skipping 45 tick(s)
[22:18:53] [Server thread/WARN]: Can't keep up! Did the system time change, or is the server overloaded? Running 6106ms behind, skipping 122 tick(s)
[22:19:06] [Server thread/WARN]: Can't keep up! Did the system time change, or is the server overloaded? Running 3125ms behind, skipping 62 tick(s)
[22:19:26] [Server thread/WARN]: Can't keep up! Did the system time change, or is the server overloaded? Running 2277ms behind, skipping 45 tick(s)
[22:20:06] [Server thread/WARN]: Can't keep up! Did the system time change, or is the server overloaded? Running 18460ms behind, skipping 369 tick(s)
[22:20:12] [Server thread/WARN]: Can't keep up! Did the system time change, or is the server overloaded? Running 3187ms behind, skipping 63 tick(s)
[22:20:19] [Server thread/INFO]: [Alumiinikiekko: Set own game mode to Creative Mode]
[22:20:26] [Server thread/INFO]: [1FartPerSecond: Banned player 1FartPerSecond]
[22:20:27] [Server thread/INFO]: 1FartPerSecond lost connection: TextComponent{text='You are banned from this server.', siblings=[], style=Style{hasParent=false, color=null, bold=null, italic=null, underlined=null, obfuscated=null, clickEvent=null, hoverEvent=null, insertion=null}}
[22:20:27] [Server thread/INFO]: 1FartPerSecond left the game
[22:20:33] [Server thread/WARN]: Can't keep up! Did the system time change, or is the server overloaded? Running 4321ms behind, skipping 86 tick(s)
[22:20:37] [Server thread/INFO]: Unknown command. Try /help for a list of commands
[22:20:41] [Server thread/INFO]: Unknown command. Try /help for a list of commands
[22:20:51] [User Authenticator #3/INFO]: UUID of player 1FartPerSecond is 71ff537d-32c8-451e-9c45-ba51406b139b
[22:20:51] [Server thread/INFO]: Disconnecting com.mojang.authlib.GameProfile@33cea9d4[id=71ff537d-32c8-451e-9c45-ba51406b139b,name=1FartPerSecond,properties={textures=[com.mojang.authlib.properties.Property@290a20f2]},legacy=false] (/76.71.30.206:55046): You are banned from this server!
Reason: OOF
[22:20:51] [Server thread/INFO]: com.mojang.authlib.GameProfile@33cea9d4[id=71ff537d-32c8-451e-9c45-ba51406b139b,name=1FartPerSecond,properties={textures=[com.mojang.authlib.properties.Property@290a20f2]},legacy=false] (/76.71.30.206:55046) lost connection: You are banned from this server!
Reason: OOF
[22:21:07] [Server thread/INFO]: Banned player 1fartPerSecond
[22:21:39] [Server thread/INFO]: Unknown command. Try /help for a list of commands
[22:22:40] [User Authenticator #4/INFO]: UUID of player 1FartPerSecond is 71ff537d-32c8-451e-9c45-ba51406b139b
[22:22:40] [Server thread/INFO]: Disconnecting com.mojang.authlib.GameProfile@79a18c3e[id=71ff537d-32c8-451e-9c45-ba51406b139b,name=1FartPerSecond,properties={textures=[com.mojang.authlib.properties.Property@6784f011]},legacy=false] (/76.71.30.206:55124): You are banned from this server!
Reason: Banned by an operator.
[22:22:40] [Server thread/INFO]: com.mojang.authlib.GameProfile@79a18c3e[id=71ff537d-32c8-451e-9c45-ba51406b139b,name=1FartPerSecond,properties={textures=[com.mojang.authlib.properties.Property@6784f011]},legacy=false] (/76.71.30.206:55124) lost connection: You are banned from this server!
Reason: Banned by an operator.
[22:28:55] [Server thread/INFO]: [Alumiinikiekko: Set own game mode to Spectator Mode]
