[22:34:02] [Server thread/INFO]: Starting minecraft server version 1.8.9
[22:34:02] [Server thread/INFO]: Loading properties
[22:34:02] [Server thread/INFO]: Default game type: SURVIVAL
[22:34:02] [Server thread/INFO]: Generating keypair
[22:34:03] [Server thread/INFO]: Starting Minecraft server on 209.141.48.30:25565
[22:34:03] [Server thread/INFO]: Using default channel type
[22:34:03] [Server thread/INFO]: Preparing level "world"
[22:34:03] [Server thread/INFO]: Preparing start region for level 0
[22:34:04] [Server thread/INFO]: Preparing spawn area: 40%
[22:34:04] [Server thread/INFO]: Done (1.690s)! For help, type "help" or "?"
[22:34:22] [User Authenticator #1/INFO]: UUID of player Alumiinikiekko is 9de03356-75b5-4f2b-b21d-e69a8a2f2250
[22:34:22] [Server thread/INFO]: Alumiinikiekko[/50.235.110.98:61708] logged in with entity id 319 at (-86.34188613015165, 24.0, 656.021255645925)
[22:34:22] [Server thread/INFO]: Alumiinikiekko joined the game
[22:34:34] [User Authenticator #2/INFO]: UUID of player 1FartPerSecond is 71ff537d-32c8-451e-9c45-ba51406b139b
[22:34:34] [Server thread/INFO]: 1FartPerSecond[/76.71.30.206:55695] logged in with entity id 548 at (481.8444005829171, 89.0, -127.69999998807907)
[22:34:34] [Server thread/INFO]: 1FartPerSecond joined the game
[22:34:38] [Server thread/WARN]: Can't keep up! Did the system time change, or is the server overloaded? Running 2096ms behind, skipping 41 tick(s)
[22:34:38] [Server thread/INFO]: <1FartPerSecond> oof
[22:35:16] [Server thread/WARN]: Can't keep up! Did the system time change, or is the server overloaded? Running 16387ms behind, skipping 327 tick(s)
[22:35:50] [Server thread/INFO]: Unknown command. Try /help for a list of commands
[22:36:17] [Server thread/INFO]: Opped 1fartPerSecond
[22:36:30] [Server thread/INFO]: [1FartPerSecond: Teleported 1FartPerSecond to Alumiinikiekko]
[22:36:37] [Server thread/INFO]: [1FartPerSecond: Set the world spawn point to (-65, 37, 657)]
[22:36:40] [Server thread/INFO]: 1FartPerSecond lost connection: TextComponent{text='Disconnected', siblings=[], style=Style{hasParent=false, color=null, bold=null, italic=null, underlined=null, obfuscated=null, clickEvent=null, hoverEvent=null, insertion=null}}
[22:36:40] [Server thread/INFO]: 1FartPerSecond left the game
[22:36:47] [User Authenticator #3/INFO]: UUID of player 1FartPerSecond is 71ff537d-32c8-451e-9c45-ba51406b139b
[22:36:47] [Server thread/INFO]: 1FartPerSecond[/76.71.30.206:55910] logged in with entity id 4234 at (-46.101359005553014, 32.5668976536583, 659.8303113547506)
[22:36:47] [Server thread/INFO]: 1FartPerSecond joined the game
[22:43:12] [Server thread/INFO]: Starting minecraft server version 1.8.9
[22:43:12] [Server thread/INFO]: Loading properties
[22:43:12] [Server thread/INFO]: Default game type: SURVIVAL
[22:43:12] [Server thread/INFO]: Generating keypair
[22:43:12] [Server thread/INFO]: Starting Minecraft server on 209.141.48.30:25565
[22:43:12] [Server thread/INFO]: Using default channel type
[22:43:13] [Server thread/WARN]: **** FAILED TO BIND TO PORT!
[22:43:13] [Server thread/WARN]: The exception was: java.net.BindException: Address already in use: bind
[22:43:13] [Server thread/WARN]: Perhaps a server is already running on that port?
[22:43:13] [Server thread/INFO]: Stopping server
[22:43:13] [Server Shutdown Thread/INFO]: Stopping server
