[	22-09-2018 04:39:01	] [KICK ACTION] Player: Reftor has kicked: zayden for: You have been kicked. Reason: RDM.
[	22-09-2018 04:39:21	] [KICK ACTION] Player: Reftor has kicked: Crozex for: You have been kicked. Reason: RDM.
[	22-09-2018 04:42:14	] [KICK ACTION] Player: Reftor has kicked: Fogul | 2K-32 for: You have been kicked. Reason: RDM, fail rp.
[	22-09-2018 04:47:53	] [KICK ACTION] Player: Reftor has kicked: ~o~Crit|Z ~g~[1S-30] for: You have been kicked. Reason: FAIL RP RDM.
[	22-09-2018 05:04:05	] [KICK ACTION] Player: Reftor has kicked: Klem [1S-11] for: You have been kicked. Reason: Dont teleport.
[	22-09-2018 05:04:49	] [KICK ACTION] Player: Reftor has kicked: ~o~Crit|Z ~g~[1S-30] for: You have been kicked. Reason: Disrespecting members/staff.
[	22-09-2018 05:47:09	] [KICK ACTION] Player: Reftor has kicked: ★ KI113RB3AST for: You have been kicked. Reason: Get a mic and turn your sound up to hear me or all officers. It is a requirement. .
[	22-09-2018 07:15:03	] [KICK ACTION] Player: Reftor has kicked: Gavrilo Princip for: You have been kicked. Reason: Using a mod to speed boost.
[	22-09-2018 22:58:26	] [KICK ACTION] Player: Reftor has kicked: morphine for: You have been kicked. Reason: VDM.
[	22-09-2018 23:04:06	] [KICK ACTION] Player: Reftor has kicked: L'A Capone for: You have been kicked. Reason: RDM\.
[	23-09-2018 08:03:38	] [KICK ACTION] Player: Reftor has kicked: Thr3shhhh for: You have been kicked. Reason: AFK too long.
[	23-09-2018 09:04:26	] [KICK ACTION] Player: Reftor has kicked: mtrx clakey03 for: You have been kicked. Reason: VDM.
[	23-09-2018 10:48:55	] [KICK ACTION] Player: Reftor has kicked: Sock for: You have been kicked. Reason: Fail RP.
[	23-09-2018 11:22:37	] [KICK ACTION] Player: Reftor has kicked: furture15 for: You have been kicked. Reason: cop baiting. Running durring priority hold.
[	23-09-2018 11:37:48	] [KICK ACTION] Player: Reftor has kicked: ☭☭Dr.Phil☭☭ for: You have been kicked. Reason: Driving without Rotor License. Not having a mic.
[	23-09-2018 11:38:54	] [KICK ACTION] Player: Reftor has kicked: Nicole------- for: You have been kicked. Reason: Not having Rotor License. No Mic.
[	23-09-2018 23:49:02	] [KICK ACTION] Player: Reftor has kicked: spence for: You have been kicked. Reason: VDM, Metagaming.
[	24-09-2018 00:07:26	] [KICK ACTION] Player: Reftor has kicked: Scroobers for: You have been kicked. Reason: Fail RP, Reviving During RP.
[	24-09-2018 00:56:03	] [KICK ACTION] Player: Reftor has kicked: Vallerxs for: You have been kicked. Reason: RDM.
[	24-09-2018 01:26:07	] [KICK ACTION] Player: Reftor has kicked: Mark G Walker for: You have been kicked. Reason: Impersonating a cop. Using a police vehicle.
[	24-09-2018 09:53:23	] [KICK ACTION] Player: Reftor has kicked: Phantom for: You have been kicked. Reason: Meta-gaming.
[	24-09-2018 11:03:03	] [KICK ACTION] Player: Reftor has kicked: Gavrilo Princip for: You have been kicked. Reason: AFK too long.
[	26-09-2018 18:30:45	] [KICK ACTION] Player: HelloIAmSimple has kicked: beef00man for: You have been kicked. Reason: Your Ping Is Too High - 524 ping.
[	26-09-2018 23:23:56	] [KICK ACTION] Player: ~y~I~g~A~b~m~o~P~p~i~r~g has kicked: heavyartillery420 for: You have been kicked. Reason: FailRP, Unrealistic Vehicle Driving, Damage.
